0 info it worked if it ends with ok
1 verbose cli [ 'C:\\Program Files\\nodejs\\node.exe',
1 verbose cli   'C:\\Program Files\\nodejs\\node_modules\\npm\\bin\\npm-cli.js',
1 verbose cli   'install' ]
2 info using npm@3.10.10
3 info using node@v6.11.4
4 silly loadCurrentTree Starting
5 silly install loadCurrentTree
6 silly install readLocalPackageData
7 silly install normalizeTree
8 silly loadCurrentTree Finishing
9 silly loadIdealTree Starting
10 silly install loadIdealTree
11 silly cloneCurrentTree Starting
12 silly install cloneCurrentTreeToIdealTree
13 silly cloneCurrentTree Finishing
14 silly loadShrinkwrap Starting
15 silly install loadShrinkwrap
16 silly loadShrinkwrap Finishing
17 silly loadAllDepsIntoIdealTree Starting
18 silly install loadAllDepsIntoIdealTree
19 silly fetchNamedPackageData loaders.css
20 silly mapToRegistry name loaders.css
21 silly mapToRegistry using default registry
22 silly mapToRegistry registry https://registry.npmjs.org/
23 silly mapToRegistry data Result {
23 silly mapToRegistry   raw: 'loaders.css',
23 silly mapToRegistry   scope: null,
23 silly mapToRegistry   escapedName: 'loaders.css',
23 silly mapToRegistry   name: 'loaders.css',
23 silly mapToRegistry   rawSpec: '',
23 silly mapToRegistry   spec: 'latest',
23 silly mapToRegistry   type: 'tag' }
24 silly mapToRegistry uri https://registry.npmjs.org/loaders.css
25 verbose request uri https://registry.npmjs.org/loaders.css
26 verbose request no auth needed
27 info attempt registry request try #1 at 6:02:34 PM
28 verbose request id cac988d856f27195
29 http request GET https://registry.npmjs.org/loaders.css
30 info retry will retry, error on last attempt: Error: read ECONNRESET
31 info attempt registry request try #2 at 6:02:48 PM
32 http request GET https://registry.npmjs.org/loaders.css
33 info retry will retry, error on last attempt: Error: read ECONNRESET
34 info attempt registry request try #3 at 6:03:48 PM
35 http request GET https://registry.npmjs.org/loaders.css
36 silly fetchPackageMetaData Error: read ECONNRESET
36 silly fetchPackageMetaData     at exports._errnoException (util.js:1020:11)
36 silly fetchPackageMetaData     at TLSWrap.onread (net.js:568:26)
36 silly fetchPackageMetaData  error for loaders.css@^0.1.2 { Error: read ECONNRESET
36 silly fetchPackageMetaData     at exports._errnoException (util.js:1020:11)
36 silly fetchPackageMetaData     at TLSWrap.onread (net.js:568:26) code: 'ECONNRESET', errno: 'ECONNRESET', syscall: 'read' }
37 silly rollbackFailedOptional Starting
38 silly rollbackFailedOptional Finishing
39 silly runTopLevelLifecycles Finishing
40 silly install printInstalled
41 verbose stack Error: read ECONNRESET
41 verbose stack     at exports._errnoException (util.js:1020:11)
41 verbose stack     at TLSWrap.onread (net.js:568:26)
42 verbose cwd D:\workspace\a_projects\asuu.me
43 error Windows_NT 10.0.16299
44 error argv "C:\\Program Files\\nodejs\\node.exe" "C:\\Program Files\\nodejs\\node_modules\\npm\\bin\\npm-cli.js" "install"
45 error node v6.11.4
46 error npm  v3.10.10
47 error code ECONNRESET
48 error errno ECONNRESET
49 error syscall read
50 error network read ECONNRESET
51 error network This is most likely not a problem with npm itself
51 error network and is related to network connectivity.
51 error network In most cases you are behind a proxy or have bad network settings.
51 error network
51 error network If you are behind a proxy, please make sure that the
51 error network 'proxy' config is set properly.  See: 'npm help config'
52 verbose exit [ 1, true ]
